Buscando campanhas...
Erro: (#200) Ad account owner has NOT grant ads_management or ads_read permission, refer to https://developers.facebook.com/docs/marketing-api/get-started/authorization/#permissions-and-features for details.
On branch main
Your branch is up to date with 'origin/main'.

Untracked files:
  (use "git add <file>..." to include in what will be committed)
	cron.log
	update.sh

nothing added to commit but untracked files present (use "git add" to track)
Everything up-to-date
Buscando campanhas...
Erro: (#200) Ad account owner has NOT grant ads_management or ads_read permission, refer to https://developers.facebook.com/docs/marketing-api/get-started/authorization/#permissions-and-features for details.
On branch main
Your branch is up to date with 'origin/main'.

Untracked files:
  (use "git add <file>..." to include in what will be committed)
	cron.log
	update.sh

nothing added to commit but untracked files present (use "git add" to track)
Everything up-to-date
Buscando campanhas...
Erro: (#200) Ad account owner has NOT grant ads_management or ads_read permission, refer to https://developers.facebook.com/docs/marketing-api/get-started/authorization/#permissions-and-features for details.
On branch main
Your branch is up to date with 'origin/main'.

Untracked files:
  (use "git add <file>..." to include in what will be committed)
	cron.log
	update.sh

nothing added to commit but untracked files present (use "git add" to track)
Everything up-to-date
Buscando campanhas...
Erro: (#200) Ad account owner has NOT grant ads_management or ads_read permission, refer to https://developers.facebook.com/docs/marketing-api/get-started/authorization/#permissions-and-features for details.
On branch main
Your branch is up to date with 'origin/main'.

Untracked files:
  (use "git add <file>..." to include in what will be committed)
	cron.log
	update.sh

nothing added to commit but untracked files present (use "git add" to track)
Everything up-to-date
Buscando campanhas...
Erro: (#200) Ad account owner has NOT grant ads_management or ads_read permission, refer to https://developers.facebook.com/docs/marketing-api/get-started/authorization/#permissions-and-features for details.
On branch main
Your branch is up to date with 'origin/main'.

Untracked files:
  (use "git add <file>..." to include in what will be committed)
	cron.log
	update.sh

nothing added to commit but untracked files present (use "git add" to track)
Everything up-to-date
Buscando campanhas...
Erro: (#200) Ad account owner has NOT grant ads_management or ads_read permission, refer to https://developers.facebook.com/docs/marketing-api/get-started/authorization/#permissions-and-features for details.
On branch main
Your branch is up to date with 'origin/main'.

Untracked files:
  (use "git add <file>..." to include in what will be committed)
	cron.log
	update.sh

nothing added to commit but untracked files present (use "git add" to track)
Everything up-to-date
Buscando campanhas...
Erro: (#200) Ad account owner has NOT grant ads_management or ads_read permission, refer to https://developers.facebook.com/docs/marketing-api/get-started/authorization/#permissions-and-features for details.
On branch main
Your branch is up to date with 'origin/main'.

Untracked files:
  (use "git add <file>..." to include in what will be committed)
	cron.log
	update.sh

nothing added to commit but untracked files present (use "git add" to track)
Everything up-to-date
Buscando campanhas...
Erro: (#200) Ad account owner has NOT grant ads_management or ads_read permission, refer to https://developers.facebook.com/docs/marketing-api/get-started/authorization/#permissions-and-features for details.
On branch main
Your branch is up to date with 'origin/main'.

Untracked files:
  (use "git add <file>..." to include in what will be committed)
	cron.log
	update.sh

nothing added to commit but untracked files present (use "git add" to track)
Everything up-to-date
Buscando campanhas...
Erro: (#200) Ad account owner has NOT grant ads_management or ads_read permission, refer to https://developers.facebook.com/docs/marketing-api/get-started/authorization/#permissions-and-features for details.
On branch main
Your branch is up to date with 'origin/main'.

Untracked files:
  (use "git add <file>..." to include in what will be committed)
	cron.log
	update.sh

nothing added to commit but untracked files present (use "git add" to track)
Everything up-to-date
Buscando campanhas...
Erro: (#200) Ad account owner has NOT grant ads_management or ads_read permission, refer to https://developers.facebook.com/docs/marketing-api/get-started/authorization/#permissions-and-features for details.
On branch main
Your branch is up to date with 'origin/main'.

Changes not staged for commit:
  (use "git add <file>..." to update what will be committed)
  (use "git restore <file>..." to discard changes in working directory)
	modified:   cron.log

no changes added to commit (use "git add" and/or "git commit -a")
Everything up-to-date
